Using pre-set license
Built from '2020.3/staging' branch; Version is '2020.3.11f1 (99c7afb366b3) revision 10078127'; Using compiler version '192528614'; Build Type 'Release'
OS: 'Windows 10 Home Single Language; OS build 19042.1348; Version 2009; 64bit' Language: 'tr' Physical Memory: 16276 MB
BatchMode: 1, IsHumanControllingUs: 0, StartBugReporterOnCrash: 0, Is64bit: 1, IsPro: 0

 COMMAND LINE ARGUMENTS:
C:\Program Files\Unity\Hub\Editor\2020.3.11f1\Editor\Unity.exe
-adb2
-batchMode
-noUpm
-name
AssetImportWorker0
-projectPath
D:/Programming/Game Programming/Space Hook
-logFile
Logs/AssetImportWorker0.log
-srvPort
21265
Successfully changed project path to: D:/Programming/Game Programming/Space Hook
D:/Programming/Game Programming/Space Hook
Using Asset Import Pipeline V2.
Refreshing native plugins compatible for Editor in 103.64 ms, found 3 plugins.
Preloading 0 native plugins for Editor in 0.00 ms.
Initialize engine version: 2020.3.11f1 (99c7afb366b3)
[Subsystems] Discovering subsystems at path C:/Program Files/Unity/Hub/Editor/2020.3.11f1/Editor/Data/Resources/UnitySubsystems
[Subsystems] Discovering subsystems at path D:/Programming/Game Programming/Space Hook/Assets
GfxDevice: creating device client; threaded=0
Direct3D:
    Version:  Direct3D 11.0 [level 11.1]
    Renderer: NVIDIA GeForce GTX 1050 (ID=0x1c8d)
    Vendor:   
    VRAM:     4021 MB
    Driver:   30.0.14.9649
Initialize mono
Mono path[0] = 'C:/Program Files/Unity/Hub/Editor/2020.3.11f1/Editor/Data/Managed'
Mono path[1] = 'C:/Program Files/Unity/Hub/Editor/2020.3.11f1/Editor/Data/MonoBleedingEdge/lib/mono/unityjit'
Mono config path = 'C:/Program Files/Unity/Hub/Editor/2020.3.11f1/Editor/Data/MonoBleedingEdge/etc'
Using monoOptions --debugger-agent=transport=dt_socket,embedding=1,server=y,suspend=n,address=127.0.0.1:56796
Begin MonoManager ReloadAssembly
Registering precompiled unity dll's ...
Register platform support module: C:/Program Files/Unity/Hub/Editor/2020.3.11f1/Editor/Data/PlaybackEngines/WindowsStandaloneSupport/UnityEditor.WindowsStandalone.Extensions.dll
Registered in 0.003823 seconds.
Native extension for WindowsStandalone target not found
Refreshing native plugins compatible for Editor in 66.08 ms, found 3 plugins.
Preloading 0 native plugins for Editor in 0.00 ms.
Mono: successfully reloaded assembly
- Completed reload, in  2.058 seconds
Platform modules already initialized, skipping
Registering precompiled user dll's ...
Registered in 0.006123 seconds.
Begin MonoManager ReloadAssembly
Native extension for WindowsStandalone target not found
Refreshing native plugins compatible for Editor in 54.33 ms, found 3 plugins.
Preloading 0 native plugins for Editor in 0.00 ms.
Mono: successfully reloaded assembly
- Completed reload, in  1.410 seconds
Platform modules already initialized, skipping
========================================================================
Worker process is ready to serve import requests
Launched and connected shader compiler UnityShaderCompiler.exe after 0.08 seconds
Refreshing native plugins compatible for Editor in 0.59 ms, found 3 plugins.
Preloading 0 native plugins for Editor in 0.00 ms.
Unloading 2095 Unused Serialized files (Serialized files now loaded: 0)
System memory in use before: 164.9 MB.
System memory in use after: 165.0 MB.

Unloading 28 unused Assets to reduce memory usage. Loaded Objects now: 2539.
Total: 3.772500 ms (FindLiveObjects: 0.206500 ms CreateObjectMapping: 0.138500 ms MarkObjects: 3.329000 ms  DeleteObjects: 0.097100 ms)

========================================================================
Received Import Request.
  path: Assets/2D Animated Spaceships/Prefabs/5.prefab
  artifactKey: Guid(7a8be9553781a6342ae1caa297e0b247) Importer(815301076,1909f56bfc062723c751e8b465ee728b)
Start importing Assets/2D Animated Spaceships/Prefabs/5.prefab using Guid(7a8be9553781a6342ae1caa297e0b247) Importer(815301076,1909f56bfc062723c751e8b465ee728b)  -> (artifact id: '14dae0991234d08a5e52176aae849c29') in 0.130424 seconds
  Import took 0.134748 seconds .

========================================================================
Received Import Request.
  Time since last request: 0.000521 seconds.
  path: Assets/2D Animated Spaceships/Prefabs/3.prefab
  artifactKey: Guid(2c7df2e248f470640aa16667c4567677) Importer(815301076,1909f56bfc062723c751e8b465ee728b)
Start importing Assets/2D Animated Spaceships/Prefabs/3.prefab using Guid(2c7df2e248f470640aa16667c4567677) Importer(815301076,1909f56bfc062723c751e8b465ee728b)  -> (artifact id: 'f7b5616a700294c88eb26afa0499bfd6') in 0.015048 seconds
  Import took 0.020114 seconds .

========================================================================
Received Import Request.
  Time since last request: 0.000401 seconds.
  path: Assets/2D Animated Spaceships/Prefabs/4.prefab
  artifactKey: Guid(06b9a0c4793bf76408137febfca3bc1a) Importer(815301076,1909f56bfc062723c751e8b465ee728b)
Start importing Assets/2D Animated Spaceships/Prefabs/4.prefab using Guid(06b9a0c4793bf76408137febfca3bc1a) Importer(815301076,1909f56bfc062723c751e8b465ee728b)  -> (artifact id: '0a2b4e299c0814ff730f92a80703de25') in 0.015372 seconds
  Import took 0.019718 seconds .

========================================================================
Received Import Request.
  Time since last request: 0.000396 seconds.
  path: Assets/2D Animated Spaceships/Prefabs/1.prefab
  artifactKey: Guid(b2935fe869126814090f09b28263f6f1) Importer(815301076,1909f56bfc062723c751e8b465ee728b)
Start importing Assets/2D Animated Spaceships/Prefabs/1.prefab using Guid(b2935fe869126814090f09b28263f6f1) Importer(815301076,1909f56bfc062723c751e8b465ee728b)  -> (artifact id: '5ed5a93309abc465657381bcbb93e7b5') in 0.013985 seconds
  Import took 0.018430 seconds .

========================================================================
Received Import Request.
  Time since last request: 0.000277 seconds.
  path: Assets/2D Animated Spaceships/Prefabs/2.prefab
  artifactKey: Guid(f8a7a76887ef1a342bb17c13139ead41) Importer(815301076,1909f56bfc062723c751e8b465ee728b)
Start importing Assets/2D Animated Spaceships/Prefabs/2.prefab using Guid(f8a7a76887ef1a342bb17c13139ead41) Importer(815301076,1909f56bfc062723c751e8b465ee728b)  -> (artifact id: 'a797186b4956b5a00199ab1c7b4f0770') in 0.012371 seconds
  Import took 0.018370 seconds .

========================================================================
Received Import Request.
  Time since last request: 0.000580 seconds.
  path: Assets/2D Animated Spaceships/Prefabs/6.prefab
  artifactKey: Guid(2d0731c431e62bc488ec58d5ad9308e9) Importer(815301076,1909f56bfc062723c751e8b465ee728b)
Start importing Assets/2D Animated Spaceships/Prefabs/6.prefab using Guid(2d0731c431e62bc488ec58d5ad9308e9) Importer(815301076,1909f56bfc062723c751e8b465ee728b)  -> (artifact id: '930ba8ec5331d86519d34d2bef68a892') in 0.011738 seconds
  Import took 0.016716 seconds .

========================================================================
Received Import Request.
  Time since last request: 0.000432 seconds.
  path: Assets/2D Animated Spaceships/Prefabs/7.prefab
  artifactKey: Guid(2674c1d0c2a8930479d94ed1aba557c4) Importer(815301076,1909f56bfc062723c751e8b465ee728b)
Start importing Assets/2D Animated Spaceships/Prefabs/7.prefab using Guid(2674c1d0c2a8930479d94ed1aba557c4) Importer(815301076,1909f56bfc062723c751e8b465ee728b)  -> (artifact id: '41f0d84d51988545d3dc15643380201b') in 0.012438 seconds
  Import took 0.019175 seconds .

========================================================================
Received Import Request.
  Time since last request: 35.243211 seconds.
  path: Assets/2D Animated Spaceships/Sprite/b8_sprite.png
  artifactKey: Guid(21dd19523f1018142ad1c02b4c4e3440) Importer(815301076,1909f56bfc062723c751e8b465ee728b)
Start importing Assets/2D Animated Spaceships/Sprite/b8_sprite.png using Guid(21dd19523f1018142ad1c02b4c4e3440) Importer(815301076,1909f56bfc062723c751e8b465ee728b)  -> (artifact id: '2dd4fd3bc97e510837cee1531bcbd5dc') in 0.061221 seconds
  Import took 0.065470 seconds .

========================================================================
Received Import Request.
  Time since last request: 0.000364 seconds.
  path: Assets/2D Animated Spaceships/Sprite/lasercob_1_sprite.png
  artifactKey: Guid(fb8709f6a71196a49a1e417bf0aae183) Importer(815301076,1909f56bfc062723c751e8b465ee728b)
Start importing Assets/2D Animated Spaceships/Sprite/lasercob_1_sprite.png using Guid(fb8709f6a71196a49a1e417bf0aae183) Importer(815301076,1909f56bfc062723c751e8b465ee728b)  -> (artifact id: '4e29d4822b36e0be506300849f461604') in 0.033259 seconds
  Import took 0.036697 seconds .

========================================================================
Received Import Request.
  Time since last request: 0.000405 seconds.
  path: Assets/2D Animated Spaceships/Sprite/f_100_sprite.png
  artifactKey: Guid(d90128471c17cc94188f4ac97621603c) Importer(815301076,1909f56bfc062723c751e8b465ee728b)
Start importing Assets/2D Animated Spaceships/Sprite/f_100_sprite.png using Guid(d90128471c17cc94188f4ac97621603c) Importer(815301076,1909f56bfc062723c751e8b465ee728b)  -> (artifact id: '2e9a504faff83380fb7dd1ad1a32b320') in 0.039894 seconds
  Import took 0.043191 seconds .

========================================================================
Received Import Request.
  Time since last request: 0.000333 seconds.
  path: Assets/2D Animated Spaceships/Sprite/o914_sprite.png
  artifactKey: Guid(f5bbe2ae223ad83499fb8d8d5cb30525) Importer(815301076,1909f56bfc062723c751e8b465ee728b)
Start importing Assets/2D Animated Spaceships/Sprite/o914_sprite.png using Guid(f5bbe2ae223ad83499fb8d8d5cb30525) Importer(815301076,1909f56bfc062723c751e8b465ee728b)  -> (artifact id: '745091a95c950a974691e35b84e4a3c1') in 0.036298 seconds
  Import took 0.039540 seconds .

========================================================================
Received Import Request.
  Time since last request: 0.000330 seconds.
  path: Assets/2D Animated Spaceships/Sprite/d54_sprite.png
  artifactKey: Guid(e3f25f7847d965647a76f4fab1d5d92e) Importer(815301076,1909f56bfc062723c751e8b465ee728b)
Start importing Assets/2D Animated Spaceships/Sprite/d54_sprite.png using Guid(e3f25f7847d965647a76f4fab1d5d92e) Importer(815301076,1909f56bfc062723c751e8b465ee728b)  -> (artifact id: '6c84b7658cfc3c34e30120e9f937c385') in 0.034728 seconds
  Import took 0.038579 seconds .

========================================================================
Received Import Request.
  Time since last request: 0.000345 seconds.
  path: Assets/2D Animated Spaceships/Sprite/x25_sprite.png
  artifactKey: Guid(5fd46a445338b1248ad1daf37cb1156e) Importer(815301076,1909f56bfc062723c751e8b465ee728b)
Start importing Assets/2D Animated Spaceships/Sprite/x25_sprite.png using Guid(5fd46a445338b1248ad1daf37cb1156e) Importer(815301076,1909f56bfc062723c751e8b465ee728b)  -> (artifact id: '0497593818619e656c56141197dcd9e3') in 0.032880 seconds
  Import took 0.036629 seconds .

========================================================================
Received Import Request.
  Time since last request: 0.000354 seconds.
  path: Assets/2D Animated Spaceships/Sprite/c17_sprite.png
  artifactKey: Guid(0041cd14fb2b05344af343d34d76c8c0) Importer(815301076,1909f56bfc062723c751e8b465ee728b)
Start importing Assets/2D Animated Spaceships/Sprite/c17_sprite.png using Guid(0041cd14fb2b05344af343d34d76c8c0) Importer(815301076,1909f56bfc062723c751e8b465ee728b)  -> (artifact id: 'f4e4eb02581efcca0895cb64def5c08d') in 0.036196 seconds
  Import took 0.039450 seconds .

========================================================================
Received Import Request.
  Time since last request: 1.735797 seconds.
  path: Assets/Planets with Space Background in Flat Style/Planets 2.0 Preview/Cream-Violet-Planet.png
  artifactKey: Guid(9e01db602d98aa044bb852288e243f52) Importer(815301076,1909f56bfc062723c751e8b465ee728b)
Start importing Assets/Planets with Space Background in Flat Style/Planets 2.0 Preview/Cream-Violet-Planet.png using Guid(9e01db602d98aa044bb852288e243f52) Importer(815301076,1909f56bfc062723c751e8b465ee728b)  -> (artifact id: 'd56d6baa4a462e6b3b541a63607a3f8f') in 0.028824 seconds
  Import took 0.033015 seconds .

========================================================================
Received Import Request.
  Time since last request: 0.000481 seconds.
  path: Assets/Planets with Space Background in Flat Style/Planets 2.0 Preview/Frost-Planet.png
  artifactKey: Guid(da11ae7884684ca4c9c59ac186552277) Importer(815301076,1909f56bfc062723c751e8b465ee728b)
Start importing Assets/Planets with Space Background in Flat Style/Planets 2.0 Preview/Frost-Planet.png using Guid(da11ae7884684ca4c9c59ac186552277) Importer(815301076,1909f56bfc062723c751e8b465ee728b)  -> (artifact id: 'c54407ba93153ba487b3bcc8f14f659f') in 0.014796 seconds
  Import took 0.019044 seconds .

========================================================================
Received Import Request.
  Time since last request: 0.000481 seconds.
  path: Assets/Planets with Space Background in Flat Style/Planets 2.0 Preview/Red-Lines-PLanet.png
  artifactKey: Guid(9c36c5cd75ed3e04da7144bd01430bf2) Importer(815301076,1909f56bfc062723c751e8b465ee728b)
Start importing Assets/Planets with Space Background in Flat Style/Planets 2.0 Preview/Red-Lines-PLanet.png using Guid(9c36c5cd75ed3e04da7144bd01430bf2) Importer(815301076,1909f56bfc062723c751e8b465ee728b)  -> (artifact id: '64ae880dd535c43a279b335893e95a59') in 0.015201 seconds
  Import took 0.020717 seconds .

========================================================================
Received Import Request.
  Time since last request: 0.000360 seconds.
  path: Assets/Planets with Space Background in Flat Style/Planets 2.0 Preview/cyan-planet.png
  artifactKey: Guid(aa60e8759a614bb45b9bd7678c6094ee) Importer(815301076,1909f56bfc062723c751e8b465ee728b)
Start importing Assets/Planets with Space Background in Flat Style/Planets 2.0 Preview/cyan-planet.png using Guid(aa60e8759a614bb45b9bd7678c6094ee) Importer(815301076,1909f56bfc062723c751e8b465ee728b)  -> (artifact id: 'f8fc1c049cb99062d3237b898a4102da') in 0.017496 seconds
  Import took 0.021843 seconds .

========================================================================
Received Import Request.
  Time since last request: 0.000374 seconds.
  path: Assets/Planets with Space Background in Flat Style/Planets 2.0 Preview/Purple-Planet-wih-Moon.png
  artifactKey: Guid(65688cd761f6d524d85a1890139563d0) Importer(815301076,1909f56bfc062723c751e8b465ee728b)
Start importing Assets/Planets with Space Background in Flat Style/Planets 2.0 Preview/Purple-Planet-wih-Moon.png using Guid(65688cd761f6d524d85a1890139563d0) Importer(815301076,1909f56bfc062723c751e8b465ee728b)  -> (artifact id: '9d7ec6ce63b497d1146a0bb0909500fc') in 0.016934 seconds
  Import took 0.022006 seconds .

========================================================================
Received Import Request.
  Time since last request: 10.160431 seconds.
  path: Assets/CasualGameSounds/DM-CGS-01.wav
  artifactKey: Guid(32d4b1811dda14a6cb9e059ee8ad17d2) Importer(815301076,1909f56bfc062723c751e8b465ee728b)
Start importing Assets/CasualGameSounds/DM-CGS-01.wav using Guid(32d4b1811dda14a6cb9e059ee8ad17d2) Importer(815301076,1909f56bfc062723c751e8b465ee728b)  -> (artifact id: 'f5242936307de7c233fd16a61198fcb2') in 0.086122 seconds
  Import took 0.089564 seconds .

========================================================================
Received Import Request.
  Time since last request: 0.000361 seconds.
  path: Assets/CasualGameSounds/DM-CGS-34.wav
  artifactKey: Guid(881e3f52c86c94f26a60718d35627cd8) Importer(815301076,1909f56bfc062723c751e8b465ee728b)
Start importing Assets/CasualGameSounds/DM-CGS-34.wav using Guid(881e3f52c86c94f26a60718d35627cd8) Importer(815301076,1909f56bfc062723c751e8b465ee728b)  -> (artifact id: 'f08dfa4752506a2987f1b851e381a1d9') in 0.009788 seconds
  Import took 0.013820 seconds .

========================================================================
Received Import Request.
  Time since last request: 0.000405 seconds.
  path: Assets/CasualGameSounds/DM-CGS-18.wav
  artifactKey: Guid(2667a0a008b044e218b63df62e2be749) Importer(815301076,1909f56bfc062723c751e8b465ee728b)
Start importing Assets/CasualGameSounds/DM-CGS-18.wav using Guid(2667a0a008b044e218b63df62e2be749) Importer(815301076,1909f56bfc062723c751e8b465ee728b)  -> (artifact id: '0173bee78ff4930a3dd972b6479c940e') in 0.011385 seconds
  Import took 0.015967 seconds .

========================================================================
Received Import Request.
  Time since last request: 0.000341 seconds.
  path: Assets/CasualGameSounds/DM-CGS-22.wav
  artifactKey: Guid(d8d04c6f80a1140db85ede568dab1f51) Importer(815301076,1909f56bfc062723c751e8b465ee728b)
Start importing Assets/CasualGameSounds/DM-CGS-22.wav using Guid(d8d04c6f80a1140db85ede568dab1f51) Importer(815301076,1909f56bfc062723c751e8b465ee728b)  -> (artifact id: '662400b16b61b0ec7d5dd956bf4b36e8') in 0.010542 seconds
  Import took 0.015102 seconds .

========================================================================
Received Import Request.
  Time since last request: 0.000333 seconds.
  path: Assets/CasualGameSounds/DM-CGS-16.wav
  artifactKey: Guid(724131bc8a7f34041bb9f1701f0cb58d) Importer(815301076,1909f56bfc062723c751e8b465ee728b)
Start importing Assets/CasualGameSounds/DM-CGS-16.wav using Guid(724131bc8a7f34041bb9f1701f0cb58d) Importer(815301076,1909f56bfc062723c751e8b465ee728b)  -> (artifact id: 'c8af914a79a8b01683658ee3b3c2fc8b') in 0.012054 seconds
  Import took 0.016579 seconds .

========================================================================
Received Import Request.
  Time since last request: 0.000335 seconds.
  path: Assets/CasualGameSounds/DM-CGS-19.wav
  artifactKey: Guid(81652031b64c342cc8dbc59c138d77c5) Importer(815301076,1909f56bfc062723c751e8b465ee728b)
Start importing Assets/CasualGameSounds/DM-CGS-19.wav using Guid(81652031b64c342cc8dbc59c138d77c5) Importer(815301076,1909f56bfc062723c751e8b465ee728b)  -> (artifact id: 'b12d31232c000cd4e32ee0358defc31a') in 0.010757 seconds
  Import took 0.014842 seconds .

========================================================================
Received Import Request.
  Time since last request: 0.000362 seconds.
  path: Assets/CasualGameSounds/DM-CGS-12.wav
  artifactKey: Guid(7478151cf36724a7dada558f746c3633) Importer(815301076,1909f56bfc062723c751e8b465ee728b)
Start importing Assets/CasualGameSounds/DM-CGS-12.wav using Guid(7478151cf36724a7dada558f746c3633) Importer(815301076,1909f56bfc062723c751e8b465ee728b)  -> (artifact id: '06b24fc7aeddc2b7f36fbbcb5c1ef3cc') in 0.011852 seconds
  Import took 0.015611 seconds .

========================================================================
Received Import Request.
  Time since last request: 0.000313 seconds.
  path: Assets/CasualGameSounds/DM-CGS-20.wav
  artifactKey: Guid(6e8772b49f34d402a90016ed445d8a2f) Importer(815301076,1909f56bfc062723c751e8b465ee728b)
Start importing Assets/CasualGameSounds/DM-CGS-20.wav using Guid(6e8772b49f34d402a90016ed445d8a2f) Importer(815301076,1909f56bfc062723c751e8b465ee728b)  -> (artifact id: '12c3cc02a2bbbf75e50ca67f89b097f2') in 0.011509 seconds
  Import took 0.015479 seconds .

========================================================================
Received Import Request.
  Time since last request: 0.000403 seconds.
  path: Assets/CasualGameSounds/DM-CGS-11.wav
  artifactKey: Guid(a0010a1a0c474473b81729eb770c485f) Importer(815301076,1909f56bfc062723c751e8b465ee728b)
Start importing Assets/CasualGameSounds/DM-CGS-11.wav using Guid(a0010a1a0c474473b81729eb770c485f) Importer(815301076,1909f56bfc062723c751e8b465ee728b)  -> (artifact id: '29cb50bda7eff05f832d20ff6e9f53c0') in 0.010517 seconds
  Import took 0.014687 seconds .

========================================================================
Received Import Request.
  Time since last request: 0.000335 seconds.
  path: Assets/CasualGameSounds/DM-CGS-30.wav
  artifactKey: Guid(130a177e727814a2ea78a886ab72213d) Importer(815301076,1909f56bfc062723c751e8b465ee728b)
Start importing Assets/CasualGameSounds/DM-CGS-30.wav using Guid(130a177e727814a2ea78a886ab72213d) Importer(815301076,1909f56bfc062723c751e8b465ee728b)  -> (artifact id: 'bd61cd8f7a43bb2238bae098156a5e43') in 0.010478 seconds
  Import took 0.015700 seconds .

========================================================================
Received Import Request.
  Time since last request: 0.000503 seconds.
  path: Assets/CasualGameSounds/DM-CGS-24.wav
  artifactKey: Guid(657578e4be6b64dbf9b09deada272e55) Importer(815301076,1909f56bfc062723c751e8b465ee728b)
Start importing Assets/CasualGameSounds/DM-CGS-24.wav using Guid(657578e4be6b64dbf9b09deada272e55) Importer(815301076,1909f56bfc062723c751e8b465ee728b)  -> (artifact id: 'ad6ab3c1e21938fe2c99917a4b32d5fd') in 0.009790 seconds
  Import took 0.015157 seconds .

========================================================================
Received Import Request.
  Time since last request: 0.000347 seconds.
  path: Assets/CasualGameSounds/DM-CGS-25.wav
  artifactKey: Guid(5fdb13d3756c84fecac96f5a2d124370) Importer(815301076,1909f56bfc062723c751e8b465ee728b)
Start importing Assets/CasualGameSounds/DM-CGS-25.wav using Guid(5fdb13d3756c84fecac96f5a2d124370) Importer(815301076,1909f56bfc062723c751e8b465ee728b)  -> (artifact id: '83286da6d2cabf8be91f40b9caa60b67') in 0.009870 seconds
  Import took 0.014484 seconds .

========================================================================
Received Import Request.
  Time since last request: 0.000396 seconds.
  path: Assets/CasualGameSounds/DM-CGS-26.wav
  artifactKey: Guid(7bd6b897eb5ca4b7d88a205c4a51640c) Importer(815301076,1909f56bfc062723c751e8b465ee728b)
Start importing Assets/CasualGameSounds/DM-CGS-26.wav using Guid(7bd6b897eb5ca4b7d88a205c4a51640c) Importer(815301076,1909f56bfc062723c751e8b465ee728b)  -> (artifact id: 'da5d4896ca45dc1072b8b32feb42f714') in 0.010245 seconds
  Import took 0.015250 seconds .

========================================================================
Received Import Request.
  Time since last request: 0.000629 seconds.
  path: Assets/CasualGameSounds/DM-CGS-10.wav
  artifactKey: Guid(cabfae866cab347928b74b7d0ca6bfa9) Importer(815301076,1909f56bfc062723c751e8b465ee728b)
Start importing Assets/CasualGameSounds/DM-CGS-10.wav using Guid(cabfae866cab347928b74b7d0ca6bfa9) Importer(815301076,1909f56bfc062723c751e8b465ee728b)  -> (artifact id: 'ffafc4bb2b38493cbead90060d6ae408') in 0.010773 seconds
  Import took 0.015701 seconds .

========================================================================
Received Import Request.
  Time since last request: 0.000458 seconds.
  path: Assets/CasualGameSounds/DM-CGS-17.wav
  artifactKey: Guid(b9eff218e132a4e76be78840eca96fb2) Importer(815301076,1909f56bfc062723c751e8b465ee728b)
Start importing Assets/CasualGameSounds/DM-CGS-17.wav using Guid(b9eff218e132a4e76be78840eca96fb2) Importer(815301076,1909f56bfc062723c751e8b465ee728b)  -> (artifact id: '9d07c69ed8f4e3b1721a574cc85053ef') in 0.008590 seconds
  Import took 0.013353 seconds .

========================================================================
Received Import Request.
  Time since last request: 0.000308 seconds.
  path: Assets/CasualGameSounds/DM-CGS-15.wav
  artifactKey: Guid(0c008ee3ee72a4362a35be25fa5de043) Importer(815301076,1909f56bfc062723c751e8b465ee728b)
Start importing Assets/CasualGameSounds/DM-CGS-15.wav using Guid(0c008ee3ee72a4362a35be25fa5de043) Importer(815301076,1909f56bfc062723c751e8b465ee728b)  -> (artifact id: '5ec16b9d32e0adbfee125c4e5c505089') in 0.009591 seconds
  Import took 0.015425 seconds .

========================================================================
Received Import Request.
  Time since last request: 0.000602 seconds.
  path: Assets/CasualGameSounds/DM-CGS-29.wav
  artifactKey: Guid(80e397195ea2940b69ee7bdbded856a5) Importer(815301076,1909f56bfc062723c751e8b465ee728b)
Start importing Assets/CasualGameSounds/DM-CGS-29.wav using Guid(80e397195ea2940b69ee7bdbded856a5) Importer(815301076,1909f56bfc062723c751e8b465ee728b)  -> (artifact id: '9676c257d0210061b32b27b811d9c6e5') in 0.010130 seconds
  Import took 0.015265 seconds .

========================================================================
Received Import Request.
  Time since last request: 0.000304 seconds.
  path: Assets/CasualGameSounds/DM-CGS-07.wav
  artifactKey: Guid(2c5292ba5cf254919a6b9e2b18e04f49) Importer(815301076,1909f56bfc062723c751e8b465ee728b)
Start importing Assets/CasualGameSounds/DM-CGS-07.wav using Guid(2c5292ba5cf254919a6b9e2b18e04f49) Importer(815301076,1909f56bfc062723c751e8b465ee728b)  -> (artifact id: 'cd30160d58e35a601dea1538d1efd538') in 0.011822 seconds
  Import took 0.016321 seconds .

========================================================================
Received Import Request.
  Time since last request: 0.000443 seconds.
  path: Assets/CasualGameSounds/DM-CGS-23.wav
  artifactKey: Guid(a0ca8964c08d54c5dbebf245bdc474ca) Importer(815301076,1909f56bfc062723c751e8b465ee728b)
Start importing Assets/CasualGameSounds/DM-CGS-23.wav using Guid(a0ca8964c08d54c5dbebf245bdc474ca) Importer(815301076,1909f56bfc062723c751e8b465ee728b)  -> (artifact id: '563ca88439d58bb5feac9b65d921aa7d') in 0.010591 seconds
  Import took 0.014435 seconds .

========================================================================
Received Import Request.
  Time since last request: 0.000331 seconds.
  path: Assets/CasualGameSounds/DM-CGS-35.wav
  artifactKey: Guid(89e6bc608da7b47d4914f3d9c2484e48) Importer(815301076,1909f56bfc062723c751e8b465ee728b)
Start importing Assets/CasualGameSounds/DM-CGS-35.wav using Guid(89e6bc608da7b47d4914f3d9c2484e48) Importer(815301076,1909f56bfc062723c751e8b465ee728b)  -> (artifact id: 'e62aa84ee6728e31f43dcbaaaf2c5102') in 0.012438 seconds
  Import took 0.017301 seconds .

========================================================================
Received Import Request.
  Time since last request: 0.000353 seconds.
  path: Assets/CasualGameSounds/DM-CGS-08.wav
  artifactKey: Guid(4e1ff8faed12a475eba9be0e46072269) Importer(815301076,1909f56bfc062723c751e8b465ee728b)
Start importing Assets/CasualGameSounds/DM-CGS-08.wav using Guid(4e1ff8faed12a475eba9be0e46072269) Importer(815301076,1909f56bfc062723c751e8b465ee728b)  -> (artifact id: 'eec8ebd46a17c60a80901247c27a6c5b') in 0.010566 seconds
  Import took 0.014393 seconds .

========================================================================
Received Import Request.
  Time since last request: 0.000438 seconds.
  path: Assets/Materials/Space.mat
  artifactKey: Guid(d64219c6d58802c4c9f5b5c6ef93f151) Importer(815301076,1909f56bfc062723c751e8b465ee728b)
Start importing Assets/Materials/Space.mat using Guid(d64219c6d58802c4c9f5b5c6ef93f151) Importer(815301076,1909f56bfc062723c751e8b465ee728b)  -> (artifact id: 'fd17297a4c3f8bfb9efbaa2e9e90343e') in 0.045046 seconds
  Import took 0.049227 seconds .

========================================================================
Received Import Request.
  Time since last request: 0.000344 seconds.
  path: Assets/Materials/Particle.mat
  artifactKey: Guid(3a982527fc4852b4db5f0b0196587ed8) Importer(815301076,1909f56bfc062723c751e8b465ee728b)
Start importing Assets/Materials/Particle.mat using Guid(3a982527fc4852b4db5f0b0196587ed8) Importer(815301076,1909f56bfc062723c751e8b465ee728b)  -> (artifact id: '19ce614c9104714862d7590cf84b39f3') in 0.108946 seconds
  Import took 0.112417 seconds .

========================================================================
Received Import Request.
  Time since last request: 0.000351 seconds.
  path: Assets/CasualGameSounds/DM-CGS-04.wav
  artifactKey: Guid(c5e2a73ad4706440f93bf05df0b465fe) Importer(815301076,1909f56bfc062723c751e8b465ee728b)
Start importing Assets/CasualGameSounds/DM-CGS-04.wav using Guid(c5e2a73ad4706440f93bf05df0b465fe) Importer(815301076,1909f56bfc062723c751e8b465ee728b)  -> (artifact id: '80e07b7789a3529c8825e00a0d0f6de4') in 0.008829 seconds
  Import took 0.012306 seconds .

========================================================================
Received Import Request.
  Time since last request: 0.000365 seconds.
  path: Assets/CasualGameSounds/DM-CGS-14.wav
  artifactKey: Guid(b6428d4edb06344ba829da4edd9967c1) Importer(815301076,1909f56bfc062723c751e8b465ee728b)
Start importing Assets/CasualGameSounds/DM-CGS-14.wav using Guid(b6428d4edb06344ba829da4edd9967c1) Importer(815301076,1909f56bfc062723c751e8b465ee728b)  -> (artifact id: '4c05acf47fcaa68c58e8d54b90c0aba5') in 0.011630 seconds
  Import took 0.017089 seconds .

========================================================================
Received Import Request.
  Time since last request: 0.000350 seconds.
  path: Assets/CasualGameSounds/DM-CGS-31.wav
  artifactKey: Guid(cf6c0e7fbef9449c98a0cdb5ea0c4d9f) Importer(815301076,1909f56bfc062723c751e8b465ee728b)
Start importing Assets/CasualGameSounds/DM-CGS-31.wav using Guid(cf6c0e7fbef9449c98a0cdb5ea0c4d9f) Importer(815301076,1909f56bfc062723c751e8b465ee728b)  -> (artifact id: 'bc6ac5a0303084c9c83d74977f8f289f') in 0.011517 seconds
  Import took 0.016835 seconds .

========================================================================
Received Import Request.
  Time since last request: 0.000434 seconds.
  path: Assets/CasualGameSounds/DM-CGS-09.wav
  artifactKey: Guid(ff5f85da24bc943d1abdc5760a22bc81) Importer(815301076,1909f56bfc062723c751e8b465ee728b)
Start importing Assets/CasualGameSounds/DM-CGS-09.wav using Guid(ff5f85da24bc943d1abdc5760a22bc81) Importer(815301076,1909f56bfc062723c751e8b465ee728b)  -> (artifact id: '3663bd0762ae139096900196cfc47a0f') in 0.009596 seconds
  Import took 0.014282 seconds .

========================================================================
Received Import Request.
  Time since last request: 0.000399 seconds.
  path: Assets/CasualGameSounds/DM-CGS-33.wav
  artifactKey: Guid(35fbad8cdde724f11ba6481f1e64af71) Importer(815301076,1909f56bfc062723c751e8b465ee728b)
Start importing Assets/CasualGameSounds/DM-CGS-33.wav using Guid(35fbad8cdde724f11ba6481f1e64af71) Importer(815301076,1909f56bfc062723c751e8b465ee728b)  -> (artifact id: 'b1640ecce4c6ef74ab4857d5ebb6da7c') in 0.011379 seconds
  Import took 0.015241 seconds .

========================================================================
Received Import Request.
  Time since last request: 0.000424 seconds.
  path: Assets/CasualGameSounds/DM-CGS-13.wav
  artifactKey: Guid(72127805eb2bc4e7fbf2e02eca266cfa) Importer(815301076,1909f56bfc062723c751e8b465ee728b)
Start importing Assets/CasualGameSounds/DM-CGS-13.wav using Guid(72127805eb2bc4e7fbf2e02eca266cfa) Importer(815301076,1909f56bfc062723c751e8b465ee728b)  -> (artifact id: '0971f2980d2501b18b774a1a7d13b044') in 0.010258 seconds
  Import took 0.015752 seconds .

========================================================================
Received Import Request.
  Time since last request: 0.000489 seconds.
  path: Assets/CasualGameSounds/DM-CGS-03.wav
  artifactKey: Guid(19f89c6e740e7447f9e12a8310d3e973) Importer(815301076,1909f56bfc062723c751e8b465ee728b)
Start importing Assets/CasualGameSounds/DM-CGS-03.wav using Guid(19f89c6e740e7447f9e12a8310d3e973) Importer(815301076,1909f56bfc062723c751e8b465ee728b)  -> (artifact id: '317e432e78212216422dcecb0ee65988') in 0.010188 seconds
  Import took 0.014917 seconds .

========================================================================
Received Import Request.
  Time since last request: 0.000467 seconds.
  path: Assets/CasualGameSounds/DM-CGS-21.wav
  artifactKey: Guid(ffb159a21c8a04135a5616979c828fab) Importer(815301076,1909f56bfc062723c751e8b465ee728b)
Start importing Assets/CasualGameSounds/DM-CGS-21.wav using Guid(ffb159a21c8a04135a5616979c828fab) Importer(815301076,1909f56bfc062723c751e8b465ee728b)  -> (artifact id: '24259b4c1bc0e5c52063dc70504d160b') in 0.010532 seconds
  Import took 0.015654 seconds .

========================================================================
Received Import Request.
  Time since last request: 0.000664 seconds.
  path: Assets/CasualGameSounds/DM-CGS-06.wav
  artifactKey: Guid(a235d590ef2a04d1b85b61ef4c21337c) Importer(815301076,1909f56bfc062723c751e8b465ee728b)
Start importing Assets/CasualGameSounds/DM-CGS-06.wav using Guid(a235d590ef2a04d1b85b61ef4c21337c) Importer(815301076,1909f56bfc062723c751e8b465ee728b)  -> (artifact id: 'd5d24ad5de4891ab4066c4b8d321922a') in 0.010908 seconds
  Import took 0.015363 seconds .

========================================================================
Received Import Request.
  Time since last request: 0.000378 seconds.
  path: Assets/CasualGameSounds/DM-CGS-02.wav
  artifactKey: Guid(dc6614beca09347ec9b258f12d154bdd) Importer(815301076,1909f56bfc062723c751e8b465ee728b)
Start importing Assets/CasualGameSounds/DM-CGS-02.wav using Guid(dc6614beca09347ec9b258f12d154bdd) Importer(815301076,1909f56bfc062723c751e8b465ee728b)  -> (artifact id: 'bd61bd9b596fda45c7459593b059f15b') in 0.009720 seconds
  Import took 0.014170 seconds .

========================================================================
Received Import Request.
  Time since last request: 0.000378 seconds.
  path: Assets/CasualGameSounds/DM-CGS-28.wav
  artifactKey: Guid(79180f511d89441b9aa23ccae1992fe0) Importer(815301076,1909f56bfc062723c751e8b465ee728b)
Start importing Assets/CasualGameSounds/DM-CGS-28.wav using Guid(79180f511d89441b9aa23ccae1992fe0) Importer(815301076,1909f56bfc062723c751e8b465ee728b)  -> (artifact id: 'dd50d26b5e4003966a2d7d40aa1d3bb8') in 0.010178 seconds
  Import took 0.015533 seconds .

========================================================================
Received Import Request.
  Time since last request: 0.000304 seconds.
  path: Assets/CasualGameSounds/DM-CGS-27.wav
  artifactKey: Guid(5039414d94a6e4e70a5ab9e8833e992a) Importer(815301076,1909f56bfc062723c751e8b465ee728b)
Start importing Assets/CasualGameSounds/DM-CGS-27.wav using Guid(5039414d94a6e4e70a5ab9e8833e992a) Importer(815301076,1909f56bfc062723c751e8b465ee728b)  -> (artifact id: '7d97fc0dc9accecf73405664c5c217b6') in 0.010821 seconds
  Import took 0.014940 seconds .

========================================================================
Received Import Request.
  Time since last request: 1.211418 seconds.
  path: Assets/Planets with Space Background in Flat Style/Planets and Background/Space.png
  artifactKey: Guid(4ecb598b03c4c5b45bea92168edb3474) Importer(815301076,1909f56bfc062723c751e8b465ee728b)
Start importing Assets/Planets with Space Background in Flat Style/Planets and Background/Space.png using Guid(4ecb598b03c4c5b45bea92168edb3474) Importer(815301076,1909f56bfc062723c751e8b465ee728b)  -> (artifact id: '1b710101ad3b13714581bb13bec8cafa') in 0.011871 seconds
  Import took 0.016165 seconds .

========================================================================
Received Import Request.
  Time since last request: 0.005544 seconds.
  path: Assets/Planets with Space Background in Flat Style/Planets and Background/Space.png
  artifactKey: Guid(4ecb598b03c4c5b45bea92168edb3474) Importer(815301076,1909f56bfc062723c751e8b465ee728b)
Start importing Assets/Planets with Space Background in Flat Style/Planets and Background/Space.png using Guid(4ecb598b03c4c5b45bea92168edb3474) Importer(815301076,1909f56bfc062723c751e8b465ee728b)  -> (artifact id: '1b710101ad3b13714581bb13bec8cafa') in 0.011488 seconds
  Import took 0.015715 seconds .

========================================================================
Received Import Request.
  Time since last request: 14.484387 seconds.
  path: Assets/Planets with Space Background in Flat Style/Planets and Background/blue-planet.png
  artifactKey: Guid(8ff5851d96e353540b1e6d34f6dafe7b) Importer(815301076,1909f56bfc062723c751e8b465ee728b)
Start importing Assets/Planets with Space Background in Flat Style/Planets and Background/blue-planet.png using Guid(8ff5851d96e353540b1e6d34f6dafe7b) Importer(815301076,1909f56bfc062723c751e8b465ee728b)  -> (artifact id: '7c651b67f2c48a22e7b58a7ac5eace04') in 0.016104 seconds
  Import took 0.020641 seconds .

========================================================================
Received Import Request.
  Time since last request: 0.000322 seconds.
  path: Assets/Planets with Space Background in Flat Style/Planets and Background/Water-Planet-wWih-Small-Islands.png
  artifactKey: Guid(0a73328190b6a1b4787cc6921bbe0f94) Importer(815301076,1909f56bfc062723c751e8b465ee728b)
Start importing Assets/Planets with Space Background in Flat Style/Planets and Background/Water-Planet-wWih-Small-Islands.png using Guid(0a73328190b6a1b4787cc6921bbe0f94) Importer(815301076,1909f56bfc062723c751e8b465ee728b)  -> (artifact id: 'e9526e449540d8eadcd632d15cd042ca') in 0.014694 seconds
  Import took 0.020370 seconds .

========================================================================
Received Import Request.
  Time since last request: 0.000429 seconds.
  path: Assets/Planets with Space Background in Flat Style/Planets and Background/Red-Planet-1.png
  artifactKey: Guid(765aab9d7d5f75f478521312f0b8a3dd) Importer(815301076,1909f56bfc062723c751e8b465ee728b)
Start importing Assets/Planets with Space Background in Flat Style/Planets and Background/Red-Planet-1.png using Guid(765aab9d7d5f75f478521312f0b8a3dd) Importer(815301076,1909f56bfc062723c751e8b465ee728b)  -> (artifact id: '449ea7e8f6debe8ad87e1c3e4f487fc6') in 0.015737 seconds
  Import took 0.019701 seconds .

========================================================================
Received Import Request.
  Time since last request: 0.000407 seconds.
  path: Assets/Planets with Space Background in Flat Style/Planets and Background/Lava-PLanet.png
  artifactKey: Guid(ddc556a241acd514ba8409f6e064201c) Importer(815301076,1909f56bfc062723c751e8b465ee728b)
Start importing Assets/Planets with Space Background in Flat Style/Planets and Background/Lava-PLanet.png using Guid(ddc556a241acd514ba8409f6e064201c) Importer(815301076,1909f56bfc062723c751e8b465ee728b)  -> (artifact id: '2efaa1791afff269378ab5a282add391') in 0.013754 seconds
  Import took 0.018010 seconds .

========================================================================
Received Import Request.
  Time since last request: 0.000429 seconds.
  path: Assets/Planets with Space Background in Flat Style/Planets and Background/cyan-planet.png
  artifactKey: Guid(1eebe61fa30929248bdcda4d7c3c51ec) Importer(815301076,1909f56bfc062723c751e8b465ee728b)
Start importing Assets/Planets with Space Background in Flat Style/Planets and Background/cyan-planet.png using Guid(1eebe61fa30929248bdcda4d7c3c51ec) Importer(815301076,1909f56bfc062723c751e8b465ee728b)  -> (artifact id: 'e96647a3b501432c3b20f263faadb520') in 0.013276 seconds
  Import took 0.018253 seconds .

========================================================================
Received Import Request.
  Time since last request: 0.000596 seconds.
  path: Assets/Planets with Space Background in Flat Style/Planets and Background/red-planet-sputnik.png
  artifactKey: Guid(de9bd78144a44764f99b085846a2e03a) Importer(815301076,1909f56bfc062723c751e8b465ee728b)
Start importing Assets/Planets with Space Background in Flat Style/Planets and Background/red-planet-sputnik.png using Guid(de9bd78144a44764f99b085846a2e03a) Importer(815301076,1909f56bfc062723c751e8b465ee728b)  -> (artifact id: '56cdafc8c11603bfa2b6c8c71eba591a') in 0.014728 seconds
  Import took 0.019665 seconds .

========================================================================
Received Import Request.
  Time since last request: 0.000444 seconds.
  path: Assets/Planets with Space Background in Flat Style/Planets and Background/white-dwarf-star.png
  artifactKey: Guid(a27406c97e517164cbd7003354e6739c) Importer(815301076,1909f56bfc062723c751e8b465ee728b)
Start importing Assets/Planets with Space Background in Flat Style/Planets and Background/white-dwarf-star.png using Guid(a27406c97e517164cbd7003354e6739c) Importer(815301076,1909f56bfc062723c751e8b465ee728b)  -> (artifact id: 'fef8fab8e9cbba90dd2ce406330eefc1') in 0.014484 seconds
  Import took 0.019326 seconds .

========================================================================
Received Import Request.
  Time since last request: 0.000637 seconds.
  path: Assets/Planets with Space Background in Flat Style/Planets and Background/Sun.png
  artifactKey: Guid(d1633d80f997845418c21db664ba138f) Importer(815301076,1909f56bfc062723c751e8b465ee728b)
Start importing Assets/Planets with Space Background in Flat Style/Planets and Background/Sun.png using Guid(d1633d80f997845418c21db664ba138f) Importer(815301076,1909f56bfc062723c751e8b465ee728b)  -> (artifact id: '26870a4766e50ddb6123fc0635431585') in 0.014261 seconds
  Import took 0.018786 seconds .

========================================================================
Received Import Request.
  Time since last request: 0.000467 seconds.
  path: Assets/Planets with Space Background in Flat Style/Planets and Background/Orange-Planet.png
  artifactKey: Guid(8d93f8b646fad08429a3686590a61bf7) Importer(815301076,1909f56bfc062723c751e8b465ee728b)
Start importing Assets/Planets with Space Background in Flat Style/Planets and Background/Orange-Planet.png using Guid(8d93f8b646fad08429a3686590a61bf7) Importer(815301076,1909f56bfc062723c751e8b465ee728b)  -> (artifact id: '45fd35b8630df2698c55a1e364ce535a') in 0.013981 seconds
  Import took 0.018385 seconds .

========================================================================
Received Import Request.
  Time since last request: 0.000370 seconds.
  path: Assets/Planets with Space Background in Flat Style/Planets and Background/Purple-Planet.png
  artifactKey: Guid(c135213a5c54f2f4984eaa105cc33b20) Importer(815301076,1909f56bfc062723c751e8b465ee728b)
Start importing Assets/Planets with Space Background in Flat Style/Planets and Background/Purple-Planet.png using Guid(c135213a5c54f2f4984eaa105cc33b20) Importer(815301076,1909f56bfc062723c751e8b465ee728b)  -> (artifact id: 'fc069c539a50dba909473a16b1e72673') in 0.013048 seconds
  Import took 0.017516 seconds .

========================================================================
Received Import Request.
  Time since last request: 0.000398 seconds.
  path: Assets/Planets with Space Background in Flat Style/Planets and Background/Red-Planet-With-Ice.png
  artifactKey: Guid(c37b6465dcc722340a3a437ce8dbbe96) Importer(815301076,1909f56bfc062723c751e8b465ee728b)
Start importing Assets/Planets with Space Background in Flat Style/Planets and Background/Red-Planet-With-Ice.png using Guid(c37b6465dcc722340a3a437ce8dbbe96) Importer(815301076,1909f56bfc062723c751e8b465ee728b)  -> (artifact id: 'afa0fa37a6118cc36f5b9ac795129caa') in 0.014115 seconds
  Import took 0.018390 seconds .

========================================================================
Received Import Request.
  Time since last request: 0.000429 seconds.
  path: Assets/Planets with Space Background in Flat Style/Planets and Background/Galaxy.png
  artifactKey: Guid(7d2d52905e45ae247b3390d0f42fdc49) Importer(815301076,1909f56bfc062723c751e8b465ee728b)
Start importing Assets/Planets with Space Background in Flat Style/Planets and Background/Galaxy.png using Guid(7d2d52905e45ae247b3390d0f42fdc49) Importer(815301076,1909f56bfc062723c751e8b465ee728b)  -> (artifact id: '9974a27f38410d02a69e3d2cf97c242f') in 0.015371 seconds
  Import took 0.019941 seconds .

========================================================================
Received Import Request.
  Time since last request: 0.000414 seconds.
  path: Assets/Planets with Space Background in Flat Style/Planets and Background/Sand-Planet.png
  artifactKey: Guid(4a868e28be12a6349a2742aa1909ed42) Importer(815301076,1909f56bfc062723c751e8b465ee728b)
Start importing Assets/Planets with Space Background in Flat Style/Planets and Background/Sand-Planet.png using Guid(4a868e28be12a6349a2742aa1909ed42) Importer(815301076,1909f56bfc062723c751e8b465ee728b)  -> (artifact id: '0372906669335712cf7cbd9d3479567f') in 0.013991 seconds
  Import took 0.019775 seconds .

========================================================================
Received Import Request.
  Time since last request: 0.000659 seconds.
  path: Assets/Planets with Space Background in Flat Style/Planets and Background/blue-planet.png
  artifactKey: Guid(8ff5851d96e353540b1e6d34f6dafe7b) Importer(815301076,1909f56bfc062723c751e8b465ee728b)
Start importing Assets/Planets with Space Background in Flat Style/Planets and Background/blue-planet.png using Guid(8ff5851d96e353540b1e6d34f6dafe7b) Importer(815301076,1909f56bfc062723c751e8b465ee728b)  -> (artifact id: '7c651b67f2c48a22e7b58a7ac5eace04') in 0.013651 seconds
  Import took 0.018246 seconds .

========================================================================
Received Import Request.
  Time since last request: 0.000293 seconds.
  path: Assets/Planets with Space Background in Flat Style/Planets and Background/Storm-Planet.png
  artifactKey: Guid(01e466e2fb6eea34ea00e20acc789c01) Importer(815301076,1909f56bfc062723c751e8b465ee728b)
Start importing Assets/Planets with Space Background in Flat Style/Planets and Background/Storm-Planet.png using Guid(01e466e2fb6eea34ea00e20acc789c01) Importer(815301076,1909f56bfc062723c751e8b465ee728b)  -> (artifact id: 'ac606986614954403ea07767cff9b28d') in 0.012632 seconds
  Import took 0.016956 seconds .

========================================================================
Received Import Request.
  Time since last request: 0.000385 seconds.
  path: Assets/Planets with Space Background in Flat Style/Planets and Background/earth-like.png
  artifactKey: Guid(0aab17f474ae0434eb7aff4a29cc0123) Importer(815301076,1909f56bfc062723c751e8b465ee728b)
Start importing Assets/Planets with Space Background in Flat Style/Planets and Background/earth-like.png using Guid(0aab17f474ae0434eb7aff4a29cc0123) Importer(815301076,1909f56bfc062723c751e8b465ee728b)  -> (artifact id: '3fadb8b85cbd81b76a0e0754db203cb7') in 0.011482 seconds
  Import took 0.015761 seconds .

========================================================================
Received Import Request.
  Time since last request: 0.000247 seconds.
  path: Assets/Planets with Space Background in Flat Style/Planets and Background/Dark-PLanet.png
  artifactKey: Guid(709f6dc460a0f30408be2662721887c0) Importer(815301076,1909f56bfc062723c751e8b465ee728b)
Start importing Assets/Planets with Space Background in Flat Style/Planets and Background/Dark-PLanet.png using Guid(709f6dc460a0f30408be2662721887c0) Importer(815301076,1909f56bfc062723c751e8b465ee728b)  -> (artifact id: 'a27812a1d4655e294c0d9260fd777bbe') in 0.010900 seconds
  Import took 0.015196 seconds .

========================================================================
Received Import Request.
  Time since last request: 0.000284 seconds.
  path: Assets/Planets with Space Background in Flat Style/Planets and Background/Ice-Planet.png
  artifactKey: Guid(ef1bf2ecc16140f4195ed991ac4136c1) Importer(815301076,1909f56bfc062723c751e8b465ee728b)
Start importing Assets/Planets with Space Background in Flat Style/Planets and Background/Ice-Planet.png using Guid(ef1bf2ecc16140f4195ed991ac4136c1) Importer(815301076,1909f56bfc062723c751e8b465ee728b)  -> (artifact id: '3fcfc9cfa2f9923b36112f27a0578d6d') in 0.012293 seconds
  Import took 0.016895 seconds .

AssetImportWorkerClient::OnTransportError - code=2 error=End of file
